2014-02-05 15:45:10 Error: [MissingControllerException] Controller class UsersController could not be found.
Exception Attributes: array (
  'class' => 'UsersController',
  'plugin' => NULL,
)
Request URL: /users/login
Stack Trace:
#0 /Users/obentvelzen/Sites/BountyHunter/app/webroot/index.php(108): Dispatcher->dispatch(Object(CakeRequest), Object(CakeResponse))
#1 {main}
2014-02-05 15:47:09 Error: [MissingControllerException] Controller class UsersController could not be found.
Exception Attributes: array (
  'class' => 'UsersController',
  'plugin' => NULL,
)
Request URL: /users/login
Stack Trace:
#0 /Users/obentvelzen/Sites/BountyHunter/app/webroot/index.php(108): Dispatcher->dispatch(Object(CakeRequest), Object(CakeResponse))
#1 {main}
2014-02-05 15:47:14 Error: [MissingControllerException] Controller class UsersController could not be found.
Exception Attributes: array (
  'class' => 'UsersController',
  'plugin' => NULL,
)
Request URL: /users/login
Stack Trace:
#0 /Users/obentvelzen/Sites/BountyHunter/app/webroot/index.php(108): Dispatcher->dispatch(Object(CakeRequest), Object(CakeResponse))
#1 {main}
2014-02-05 15:47:29 Error: [MissingControllerException] Controller class UsersController could not be found.
Exception Attributes: array (
  'class' => 'UsersController',
  'plugin' => NULL,
)
Request URL: /users/login
Stack Trace:
#0 /Users/obentvelzen/Sites/BountyHunter/app/webroot/index.php(108): Dispatcher->dispatch(Object(CakeRequest), Object(CakeResponse))
#1 {main}
2014-02-05 15:50:58 Error: [MissingControllerException] Controller class UsersController could not be found.
Exception Attributes: array (
  'class' => 'UsersController',
  'plugin' => NULL,
)
Request URL: /users/login
Stack Trace:
#0 /Users/obentvelzen/Sites/BountyHunter/app/webroot/index.php(108): Dispatcher->dispatch(Object(CakeRequest), Object(CakeResponse))
#1 {main}
2014-02-05 15:56:18 Error: [MissingControllerException] Controller class UsersController could not be found.
Exception Attributes: array (
  'class' => 'UsersController',
  'plugin' => NULL,
)
Request URL: /users/login
Stack Trace:
#0 /Users/obentvelzen/Sites/BountyHunter/app/webroot/index.php(108): Dispatcher->dispatch(Object(CakeRequest), Object(CakeResponse))
#1 {main}
2014-02-05 15:56:39 Error: [MissingControllerException] Controller class UsersController could not be found.
Exception Attributes: array (
  'class' => 'UsersController',
  'plugin' => NULL,
)
Request URL: /users/login
Stack Trace:
#0 /Users/obentvelzen/Sites/BountyHunter/app/webroot/index.php(108): Dispatcher->dispatch(Object(CakeRequest), Object(CakeResponse))
#1 {main}
2014-02-05 15:57:33 Error: [MissingControllerException] Controller class UsersController could not be found.
Exception Attributes: array (
  'class' => 'UsersController',
  'plugin' => NULL,
)
Request URL: /users/login
Stack Trace:
#0 /Users/obentvelzen/Sites/BountyHunter/app/webroot/index.php(108): Dispatcher->dispatch(Object(CakeRequest), Object(CakeResponse))
#1 {main}
2014-02-05 15:57:40 Error: [MissingViewException] View file "/Users/obentvelzen/Sites/BountyHunter/app/View/Account/add.ctp" is missing.
Exception Attributes: array (
  'file' => '/Users/obentvelzen/Sites/BountyHunter/app/View/Account/add.ctp',
)
Request URL: /register
Stack Trace:
#0 /Users/obentvelzen/Sites/BountyHunter/lib/Cake/View/View.php(457): View->_getViewFileName(NULL)
#1 /Users/obentvelzen/Sites/BountyHunter/lib/Cake/Controller/Controller.php(952): View->render(NULL, NULL)
#2 /Users/obentvelzen/Sites/BountyHunter/lib/Cake/Routing/Dispatcher.php(192): Controller->render()
#3 /Users/obentvelzen/Sites/BountyHunter/lib/Cake/Routing/Dispatcher.php(160): Dispatcher->_invoke(Object(AccountController), Object(CakeRequest), Object(CakeResponse))
#4 /Users/obentvelzen/Sites/BountyHunter/app/webroot/index.php(108): Dispatcher->dispatch(Object(CakeRequest), Object(CakeResponse))
#5 {main}
2014-02-05 15:58:43 Error: [MissingViewException] View file "/Users/obentvelzen/Sites/BountyHunter/app/View/Account/add.ctp" is missing.
Exception Attributes: array (
  'file' => '/Users/obentvelzen/Sites/BountyHunter/app/View/Account/add.ctp',
)
Request URL: /register
Stack Trace:
#0 /Users/obentvelzen/Sites/BountyHunter/lib/Cake/View/View.php(457): View->_getViewFileName(NULL)
#1 /Users/obentvelzen/Sites/BountyHunter/lib/Cake/Controller/Controller.php(952): View->render(NULL, NULL)
#2 /Users/obentvelzen/Sites/BountyHunter/lib/Cake/Routing/Dispatcher.php(192): Controller->render()
#3 /Users/obentvelzen/Sites/BountyHunter/lib/Cake/Routing/Dispatcher.php(160): Dispatcher->_invoke(Object(AccountController), Object(CakeRequest), Object(CakeResponse))
#4 /Users/obentvelzen/Sites/BountyHunter/app/webroot/index.php(108): Dispatcher->dispatch(Object(CakeRequest), Object(CakeResponse))
#5 {main}
2014-02-05 15:59:12 Error: [MissingViewException] View file "/Users/obentvelzen/Sites/BountyHunter/app/View/Account/add.ctp" is missing.
Exception Attributes: array (
  'file' => '/Users/obentvelzen/Sites/BountyHunter/app/View/Account/add.ctp',
)
Request URL: /register
Stack Trace:
#0 /Users/obentvelzen/Sites/BountyHunter/lib/Cake/View/View.php(457): View->_getViewFileName(NULL)
#1 /Users/obentvelzen/Sites/BountyHunter/lib/Cake/Controller/Controller.php(952): View->render(NULL, NULL)
#2 /Users/obentvelzen/Sites/BountyHunter/lib/Cake/Routing/Dispatcher.php(192): Controller->render()
#3 /Users/obentvelzen/Sites/BountyHunter/lib/Cake/Routing/Dispatcher.php(160): Dispatcher->_invoke(Object(AccountController), Object(CakeRequest), Object(CakeResponse))
#4 /Users/obentvelzen/Sites/BountyHunter/app/webroot/index.php(108): Dispatcher->dispatch(Object(CakeRequest), Object(CakeResponse))
#5 {main}
2014-02-05 16:03:56 Error: [MissingActionException] Action AccountController::login() could not be found.
Exception Attributes: array (
  'controller' => 'AccountController',
  'action' => 'login',
)
Request URL: /login
Stack Trace:
#0 /Users/obentvelzen/Sites/BountyHunter/lib/Cake/Routing/Dispatcher.php(185): Controller->invokeAction(Object(CakeRequest))
#1 /Users/obentvelzen/Sites/BountyHunter/lib/Cake/Routing/Dispatcher.php(160): Dispatcher->_invoke(Object(AccountController), Object(CakeRequest), Object(CakeResponse))
#2 /Users/obentvelzen/Sites/BountyHunter/app/webroot/index.php(108): Dispatcher->dispatch(Object(CakeRequest), Object(CakeResponse))
#3 {main}
2014-02-05 16:06:11 Error: [MissingActionException] Action AccountController::login() could not be found.
Exception Attributes: array (
  'controller' => 'AccountController',
  'action' => 'login',
)
Request URL: /login
Stack Trace:
#0 /Users/obentvelzen/Sites/BountyHunter/lib/Cake/Routing/Dispatcher.php(185): Controller->invokeAction(Object(CakeRequest))
#1 /Users/obentvelzen/Sites/BountyHunter/lib/Cake/Routing/Dispatcher.php(160): Dispatcher->_invoke(Object(AccountController), Object(CakeRequest), Object(CakeResponse))
#2 /Users/obentvelzen/Sites/BountyHunter/app/webroot/index.php(108): Dispatcher->dispatch(Object(CakeRequest), Object(CakeResponse))
#3 {main}
2014-02-05 16:08:23 Error: [MissingActionException] Action AccountController::login() could not be found.
Exception Attributes: array (
  'controller' => 'AccountController',
  'action' => 'login',
)
Request URL: /login
Stack Trace:
#0 /Users/obentvelzen/Sites/BountyHunter/lib/Cake/Routing/Dispatcher.php(185): Controller->invokeAction(Object(CakeRequest))
#1 /Users/obentvelzen/Sites/BountyHunter/lib/Cake/Routing/Dispatcher.php(160): Dispatcher->_invoke(Object(AccountController), Object(CakeRequest), Object(CakeResponse))
#2 /Users/obentvelzen/Sites/BountyHunter/app/webroot/index.php(108): Dispatcher->dispatch(Object(CakeRequest), Object(CakeResponse))
#3 {main}
2014-02-05 17:08:16 Error: [MissingLayoutException] Layout file "/Users/obentvelzen/Sites/BountyHunter/app/View/Layouts/backend.ctp" is missing.
Exception Attributes: array (
  'file' => '/Users/obentvelzen/Sites/BountyHunter/app/View/Layouts/backend.ctp',
)
Request URL: /account/dashboard
Stack Trace:
#0 /Users/obentvelzen/Sites/BountyHunter/lib/Cake/View/View.php(498): View->_getLayoutFileName('backend')
#1 /Users/obentvelzen/Sites/BountyHunter/lib/Cake/View/View.php(468): View->renderLayout('', 'backend')
#2 /Users/obentvelzen/Sites/BountyHunter/lib/Cake/Controller/Controller.php(952): View->render(NULL, NULL)
#3 /Users/obentvelzen/Sites/BountyHunter/lib/Cake/Routing/Dispatcher.php(192): Controller->render()
#4 /Users/obentvelzen/Sites/BountyHunter/lib/Cake/Routing/Dispatcher.php(160): Dispatcher->_invoke(Object(AccountController), Object(CakeRequest), Object(CakeResponse))
#5 /Users/obentvelzen/Sites/BountyHunter/app/webroot/index.php(108): Dispatcher->dispatch(Object(CakeRequest), Object(CakeResponse))
#6 {main}
2014-02-05 17:28:31 Error: Fatal Error (1): Call to undefined method AccountController::find() in [/Users/obentvelzen/Sites/BountyHunter/app/Controller/AccountController.php, line 30]
2014-02-05 17:28:31 Error: [FatalErrorException] Call to undefined method AccountController::find()
Request URL: /account/dashboard
Stack Trace:
#0 /Users/obentvelzen/Sites/BountyHunter/lib/Cake/Error/ErrorHandler.php(203): ErrorHandler::handleFatalError(1, 'Call to undefin...', '/Users/obentvel...', 30)
#1 [internal function]: ErrorHandler::handleError(1, 'Call to undefin...', '/Users/obentvel...', 30, Array)
#2 /Users/obentvelzen/Sites/BountyHunter/lib/Cake/Core/App.php(929): call_user_func('ErrorHandler::h...', 1, 'Call to undefin...', '/Users/obentvel...', 30, Array)
#3 /Users/obentvelzen/Sites/BountyHunter/lib/Cake/Core/App.php(902): App::_checkFatalError()
#4 [internal function]: App::shutdown()
#5 {main}
2014-02-06 09:20:19 Error: [MissingControllerException] Controller class UsersController could not be found.
Exception Attributes: array (
  'class' => 'UsersController',
  'plugin' => NULL,
)
Request URL: /users/login
Stack Trace:
#0 /Users/obentvelzen/Sites/BountyHunter/app/webroot/index.php(108): Dispatcher->dispatch(Object(CakeRequest), Object(CakeResponse))
#1 {main}
2014-02-06 09:48:59 Error: [MissingControllerException] Controller class UsersController could not be found.
Exception Attributes: array (
  'class' => 'UsersController',
  'plugin' => NULL,
)
Request URL: /users
Stack Trace:
#0 /Users/obentvelzen/Sites/BountyHunter/app/webroot/index.php(108): Dispatcher->dispatch(Object(CakeRequest), Object(CakeResponse))
#1 {main}
2014-02-06 10:29:56 Error: Fatal Error (4): syntax error, unexpected ''Form'' (T_CONSTANT_ENCAPSED_STRING), expecting ')' in [/Users/obentvelzen/Sites/BountyHunter/app/Controller/AppController.php, line 46]
2014-02-06 10:29:56 Error: [FatalErrorException] syntax error, unexpected ''Form'' (T_CONSTANT_ENCAPSED_STRING), expecting ')'
Request URL: /logout
Stack Trace:
#0 /Users/obentvelzen/Sites/BountyHunter/lib/Cake/Error/ErrorHandler.php(203): ErrorHandler::handleFatalError(4, 'syntax error, u...', '/Users/obentvel...', 46)
#1 [internal function]: ErrorHandler::handleError(4, 'syntax error, u...', '/Users/obentvel...', 46, Array)
#2 /Users/obentvelzen/Sites/BountyHunter/lib/Cake/Core/App.php(929): call_user_func('ErrorHandler::h...', 4, 'syntax error, u...', '/Users/obentvel...', 46, Array)
#3 /Users/obentvelzen/Sites/BountyHunter/lib/Cake/Core/App.php(902): App::_checkFatalError()
#4 [internal function]: App::shutdown()
#5 {main}
2014-02-06 10:32:34 Error: [MissingTableException] Table Account for model Account was not found in datasource default.
Exception Attributes: array (
  'table' => 'Account',
  'class' => 'Account',
  'ds' => 'default',
)
Request URL: /
Stack Trace:
#0 /Users/obentvelzen/Sites/BountyHunter/lib/Cake/Model/Model.php(3498): Model->setSource('Account')
#1 /Users/obentvelzen/Sites/BountyHunter/lib/Cake/Model/Model.php(1355): Model->getDataSource()
#2 /Users/obentvelzen/Sites/BountyHunter/lib/Cake/View/Helper/FormHelper.php(207): Model->schema()
#3 /Users/obentvelzen/Sites/BountyHunter/lib/Cake/View/Helper/FormHelper.php(459): FormHelper->_introspectModel('Account', 'fields')
#4 /Users/obentvelzen/Sites/BountyHunter/app/View/Account/index.ctp(3): FormHelper->create('Account')
#5 /Users/obentvelzen/Sites/BountyHunter/lib/Cake/View/View.php(929): include('/Users/obentvel...')
#6 /Users/obentvelzen/Sites/BountyHunter/lib/Cake/View/View.php(891): View->_evaluate('/Users/obentvel...', Array)
#7 /Users/obentvelzen/Sites/BountyHunter/lib/Cake/View/View.php(460): View->_render('/Users/obentvel...')
#8 /Users/obentvelzen/Sites/BountyHunter/lib/Cake/Controller/Controller.php(952): View->render(NULL, NULL)
#9 /Users/obentvelzen/Sites/BountyHunter/lib/Cake/Routing/Dispatcher.php(192): Controller->render()
#10 /Users/obentvelzen/Sites/BountyHunter/lib/Cake/Routing/Dispatcher.php(160): Dispatcher->_invoke(Object(AccountController), Object(CakeRequest), Object(CakeResponse))
#11 /Users/obentvelzen/Sites/BountyHunter/app/webroot/index.php(108): Dispatcher->dispatch(Object(CakeRequest), Object(CakeResponse))
#12 {main}
2014-02-06 11:31:03 Error: Fatal Error (4): syntax error, unexpected '::' (T_PAAMAYIM_NEKUDOTAYIM) in [/Users/obentvelzen/Sites/BountyHunter/app/Controller/AppController.php, line 65]
2014-02-06 11:31:04 Error: [FatalErrorException] syntax error, unexpected '::' (T_PAAMAYIM_NEKUDOTAYIM)
Request URL: /logout
Stack Trace:
#0 /Users/obentvelzen/Sites/BountyHunter/lib/Cake/Error/ErrorHandler.php(203): ErrorHandler::handleFatalError(4, 'syntax error, u...', '/Users/obentvel...', 65)
#1 [internal function]: ErrorHandler::handleError(4, 'syntax error, u...', '/Users/obentvel...', 65, Array)
#2 /Users/obentvelzen/Sites/BountyHunter/lib/Cake/Core/App.php(929): call_user_func('ErrorHandler::h...', 4, 'syntax error, u...', '/Users/obentvel...', 65, Array)
#3 /Users/obentvelzen/Sites/BountyHunter/lib/Cake/Core/App.php(902): App::_checkFatalError()
#4 [internal function]: App::shutdown()
#5 {main}
2014-02-06 11:31:14 Error: Fatal Error (4): syntax error, unexpected '=' in [/Users/obentvelzen/Sites/BountyHunter/app/Controller/AppController.php, line 65]
2014-02-06 11:31:14 Error: [FatalErrorException] syntax error, unexpected '='
Request URL: /logout
Stack Trace:
#0 /Users/obentvelzen/Sites/BountyHunter/lib/Cake/Error/ErrorHandler.php(203): ErrorHandler::handleFatalError(4, 'syntax error, u...', '/Users/obentvel...', 65)
#1 [internal function]: ErrorHandler::handleError(4, 'syntax error, u...', '/Users/obentvel...', 65, Array)
#2 /Users/obentvelzen/Sites/BountyHunter/lib/Cake/Core/App.php(929): call_user_func('ErrorHandler::h...', 4, 'syntax error, u...', '/Users/obentvel...', 65, Array)
#3 /Users/obentvelzen/Sites/BountyHunter/lib/Cake/Core/App.php(902): App::_checkFatalError()
#4 [internal function]: App::shutdown()
#5 {main}
2014-02-06 11:31:15 Error: Fatal Error (4): syntax error, unexpected '=' in [/Users/obentvelzen/Sites/BountyHunter/app/Controller/AppController.php, line 65]
2014-02-06 11:31:15 Error: [FatalErrorException] syntax error, unexpected '='
Request URL: /logout
Stack Trace:
#0 /Users/obentvelzen/Sites/BountyHunter/lib/Cake/Error/ErrorHandler.php(203): ErrorHandler::handleFatalError(4, 'syntax error, u...', '/Users/obentvel...', 65)
#1 [internal function]: ErrorHandler::handleError(4, 'syntax error, u...', '/Users/obentvel...', 65, Array)
#2 /Users/obentvelzen/Sites/BountyHunter/lib/Cake/Core/App.php(929): call_user_func('ErrorHandler::h...', 4, 'syntax error, u...', '/Users/obentvel...', 65, Array)
#3 /Users/obentvelzen/Sites/BountyHunter/lib/Cake/Core/App.php(902): App::_checkFatalError()
#4 [internal function]: App::shutdown()
#5 {main}
2014-02-06 14:54:36 Error: [MissingControllerException] Controller class JsController could not be found.
Exception Attributes: array (
  'class' => 'JsController',
  'plugin' => NULL,
)
Request URL: /js/code.jquery.com/jquery-1.10.2.min.js
Stack Trace:
#0 /Users/obentvelzen/Sites/BountyHunter/app/webroot/index.php(108): Dispatcher->dispatch(Object(CakeRequest), Object(CakeResponse))
#1 {main}
2014-02-06 14:55:02 Error: [MissingControllerException] Controller class JsController could not be found.
Exception Attributes: array (
  'class' => 'JsController',
  'plugin' => NULL,
)
Request URL: /js/code.jquery.com/jquery-1.10.2.min.js
Stack Trace:
#0 /Users/obentvelzen/Sites/BountyHunter/app/webroot/index.php(108): Dispatcher->dispatch(Object(CakeRequest), Object(CakeResponse))
#1 {main}
2014-02-06 14:55:06 Error: [MissingControllerException] Controller class JsController could not be found.
Exception Attributes: array (
  'class' => 'JsController',
  'plugin' => NULL,
)
Request URL: /js/code.jquery.com/jquery-1.10.2.min.js
Stack Trace:
#0 /Users/obentvelzen/Sites/BountyHunter/app/webroot/index.php(108): Dispatcher->dispatch(Object(CakeRequest), Object(CakeResponse))
#1 {main}
